  Camera.cpp
d:\programming\projects\games\dx11\source files\camera.cpp(39): error C2664: 'void ErrorExit(LPCTSTR)': cannot convert argument 1 from 'const wchar_t [27]' to 'LPCTSTR'
  d:\programming\projects\games\dx11\source files\camera.cpp(39): note: Types pointed to are unrelated; conversion requires reinterpret_cast, C-style cast or function-style cast
d:\programming\projects\games\dx11\source files\camera.cpp(47): error C2664: 'void ErrorExit(LPCTSTR)': cannot convert argument 1 from 'const wchar_t [32]' to 'LPCTSTR'
  d:\programming\projects\games\dx11\source files\camera.cpp(47): note: Types pointed to are unrelated; conversion requires reinterpret_cast, C-style cast or function-style cast
  debugging.cpp
d:\programming\projects\games\dx11\source files\debugging.cpp(28): error C2664: 'HRESULT StringCbVPrintfA(STRSAFE_LPSTR,size_t,STRSAFE_LPCSTR,va_list)': cannot convert argument 1 from 'wchar_t [512]' to 'STRSAFE_LPSTR'
  d:\programming\projects\games\dx11\source files\debugging.cpp(28): note: Types pointed to are unrelated; conversion requires reinterpret_cast, C-style cast or function-style cast
  DX11_base.cpp
d:\programming\projects\games\dx11\header files\wicimage.h(11): fatal error C1083: Cannot open include file: '..\DX11\debugging.h': No such file or directory
  File.cpp
d:\programming\projects\games\dx11\source files\file.cpp(33): warning C4244: 'argument': conversion from 'std::streamoff' to 'const unsigned int', possible loss of data
d:\programming\projects\games\dx11\source files\file.cpp(63): error C2664: 'void ErrorExit(LPCTSTR)': cannot convert argument 1 from 'const wchar_t [37]' to 'LPCTSTR'
  d:\programming\projects\games\dx11\source files\file.cpp(63): note: Types pointed to are unrelated; conversion requires reinterpret_cast, C-style cast or function-style cast
  Keyboard.cpp
d:\programming\projects\games\dx11\source files\keyboard.cpp(15): fatal error C1083: Cannot open include file: 'Keyboard.h': No such file or directory
  Mesh.cpp
d:\programming\projects\games\dx11\header files\wicimage.h(11): fatal error C1083: Cannot open include file: '..\DX11\debugging.h': No such file or directory
  Texture.cpp
d:\programming\projects\games\dx11\header files\wicimage.h(11): fatal error C1083: Cannot open include file: '..\DX11\debugging.h': No such file or directory
  WICImage.cpp
d:\programming\projects\games\dx11\header files\wicimage.h(11): fatal error C1083: Cannot open include file: '..\DX11\debugging.h': No such file or directory
  Generating Code...
